make all --print-data-base --no-builtin-variables --no-builtin-rules --question
# GNU Make 3.81
# Copyright (C) 2006  Free Software Foundation, Inc.
# This is free software; see the source for copying conditions.
# There is NO warranty; not even for MERCHANTABILITY or FITNESS FOR A
# PARTICULAR PURPOSE.

# This program built for i386-apple-darwin11.3.0
 
make: *** No rule to make target `vector_test', needed by `all'.  Stop.


# Make data base, printed on Wed Jun  8 21:44:26 2022

# Variables

# automatic
<D = $(patsubst %/,%,$(dir $<))
# automatic
?F = $(notdir $?)
# environment
ELECTRON_NO_ATTACH_CONSOLE = 1
# environment
VSCODE_LOG_NATIVE = false
# automatic
?D = $(patsubst %/,%,$(dir $?))
# automatic
@D = $(patsubst %/,%,$(dir $@))
# automatic
@F = $(notdir $@)
# makefile
CURDIR := /Users/liuzongjun/Desktop/CS61C/lab/lab02
# makefile
SHELL = /bin/sh
# environment
VSCODE_NLS_CONFIG = {"locale":"en-us","availableLanguages":{},"_languagePackSupport":true}
# environment
_ = /usr/bin/make
# makefile (from `Makefile', line 4)
CFLAGS = -ggdb -Wall -std=c99
# makefile (from `Makefile', line 1)
MAKEFILE_LIST :=  Makefile
# environment
VSCODE_VERBOSE_LOGGING = true
# makefile (from `Makefile', line 16)
BIT_OPS_PROG = bit_ops
# environment
__CFBundleIdentifier = com.microsoft.VSCode
# environment
INFOPATH = /opt/homebrew/share/info:
# environment
VSCODE_IPC_HOOK_EXTHOST = /var/folders/_q/cfv3j4997997ngvjlm_snwyr0000gn/T/vscode-ipc-24b6baff-f3e5-497a-ab84-3bbc0ab1d447.sock
# environment
VSCODE_CWD = /Users/liuzongjun/Desktop/CS61C/lab/lab02
# environment
PATH = /Users/liuzongjun/opt/anaconda3/bin:/Users/liuzongjun/opt/anaconda3/condabin:/opt/homebrew/bin:/opt/homebrew/sbin:/usr/local/bin:/usr/bin:/bin:/usr/sbin:/sbin
# makefile (from `Makefile', line 3)
LD = gcc
# makefile (from `Makefile', line 24)
BINARIES = $(VECTOR_PROG) $(BIT_OPS_PROG) $(LFSR_PROG)
# environment
VSCODE_LOG_STACK = false
# environment
ELECTRON_RUN_AS_NODE = 1
# makefile (from `Makefile', line 5)
LDFLAGS = 
# default
.FEATURES := target-specific order-only second-expansion else-if archives jobserver check-symlink
# environment
SSH_AUTH_SOCK = /private/tmp/com.apple.launchd.DmFBWik1Xu/Listeners
# automatic
%F = $(notdir $%)
# makefile (from `Makefile', line 1)
UNAME_S := Darwin
# environment
CONDA_EXE = /Users/liuzongjun/opt/anaconda3/bin/conda
# environment
VSCODE_PIPE_LOGGING = true
# environment
PWD = /Users/liuzongjun/Desktop/CS61C/lab/lab02
# environment
HOMEBREW_CELLAR = /opt/homebrew/Cellar
# environment
ORIGINAL_XDG_CURRENT_DESKTOP = undefined
# environment
MANPATH = /opt/homebrew/share/man::
# environment
VSCODE_AMD_ENTRYPOINT = vs/workbench/api/node/extensionHostProcess
# environment
HOME = /Users/liuzongjun
# default
MAKEFILEPATH = $(shell /usr/bin/xcode-select -print-path 2>/dev/null || echo /Developer)/Makefiles
# environment
VSCODE_CLI = 1
# environment
VSCODE_CODE_CACHE_PATH = /Users/liuzongjun/Library/Application Support/Code/CachedData/c3511e6c69bb39013c4a4b7b9566ec1ca73fc4d5
# environment
LOGNAME = liuzongjun
# environment
APPLICATION_INSIGHTS_NO_DIAGNOSTIC_CHANNEL = 1
# environment
CONDA_PROMPT_MODIFIER = (base) 
# environment
VSCODE_HANDLES_UNCAUGHT_ERRORS = true
# automatic
^D = $(patsubst %/,%,$(dir $^))
# makefile (from `Makefile', line 21)
VECTOR_OBJS = vector.o vector_test.o
# environment
CONDA_DEFAULT_ENV = base
# environment
XPC_FLAGS = 0x0
# makefile (from `Makefile', line 18)
LFSR_OBJS = lfsr.o test_lfsr.o
# default
MAKE = $(MAKE_COMMAND)
# default
MAKECMDGOALS := all
# environment
SHLVL = 3
# makefile (from `Makefile', line 2)
CC = gcc
# default
MAKE_VERSION := 3.81
# environment
USER = liuzongjun
# makefile
.DEFAULT_GOAL := all
# makefile (from `Makefile', line 8)
MEMCHECK = valgrind --tool=memcheck --leak-check=full --track-origins=yes --dsymutil=yes --suppressions=osx_vector.supp
# environment
TERM_SESSION_ID = 8A404B8C-147B-433D-8497-870FCD42BB55
# automatic
%D = $(patsubst %/,%,$(dir $%))
# environment
CONDA_SHLVL = 1
# default
MAKE_COMMAND := /Library/Developer/CommandLineTools/usr/bin/make
# environment
TERM_PROGRAM = Apple_Terminal
# default
.VARIABLES := 
# environment
TMPDIR = /var/folders/_q/cfv3j4997997ngvjlm_snwyr0000gn/T/
# automatic
*F = $(notdir $*)
# environment
VSCODE_IPC_HOOK = /Users/liuzongjun/Library/Application Support/Code/1.67.2-main.sock
# makefile
MAKEFLAGS = Rrqp
# environment
MFLAGS = -Rrqp
# automatic
*D = $(patsubst %/,%,$(dir $*))
# environment
TERM_PROGRAM_VERSION = 443
# environment
XPC_SERVICE_NAME = application.com.microsoft.VSCode.755323.755329.DAC54829-0FEC-4FAD-B828-D722776B910E
# environment
HOMEBREW_PREFIX = /opt/homebrew
# automatic
+D = $(patsubst %/,%,$(dir $+))
# automatic
+F = $(notdir $+)
# environment
HOMEBREW_REPOSITORY = /opt/homebrew
# environment
__CF_USER_TEXT_ENCODING = 0x1F5:0x0:0x0
# environment
COMMAND_MODE = unix2003
# default
MAKEFILES := 
# makefile (from `Makefile', line 15)
BIT_OPS_OBJS = bit_ops.o test_bit_ops.o
# automatic
<F = $(notdir $<)
# environment
LC_ALL = C
# environment
CONDA_PYTHON_EXE = /Users/liuzongjun/opt/anaconda3/bin/python
# automatic
^F = $(notdir $^)
# default
SUFFIXES := 
# environment
_CE_M = 
# makefile (from `Makefile', line 22)
VECTOR_PROG = vector_test
# environment
MAKELEVEL := 0
# environment
CONDA_PREFIX = /Users/liuzongjun/opt/anaconda3
# environment
TERM = xterm-256color
# makefile (from `Makefile', line 19)
LFSR_PROG = lfsr
# environment
VSCODE_PID = 55918
# environment
_CE_CONDA = 
# environment
LANG = C
# variable set hash-table stats:
# Load=93/1024=9%, Rehash=0, Collisions=4/129=3%

# Pattern-specific Variable Values

# No pattern-specific variable values.

# Directories

# . (device 16777233, inode 889048): 27 files, no impossibilities.

# 27 files, no impossibilities in 1 directories.

# Implicit Rules

# No implicit rules.

# Files

# Not a target:
vector.h:
#  Implicit rule search has not been done.
#  Modification time never checked.
#  File has not been updated.

bit_ops.c: bit_ops.h
#  Implicit rule search has not been done.
#  Modification time never checked.
#  File has not been updated.

# Not a target:
lfsr.o:
#  Implicit rule search has not been done.
#  Modification time never checked.
#  File has not been updated.

all: vector_test bit_ops lfsr
#  Command-line target.
#  Implicit rule search has been done.
#  File does not exist.
#  File has not been updated.
# variable set hash-table stats:
# Load=0/32=0%, Rehash=0, Collisions=0/0=0%

lfsr: lfsr.o test_lfsr.o
#  Implicit rule search has not been done.
#  Modification time never checked.
#  File has not been updated.
#  commands to execute (from `Makefile', line 32):
	$(CC) $(CFLAGS) -g -o $(LFSR_PROG) $(LFSR_OBJS) $(LDFLAGS)
	

vector_test.c: vector.h
#  Implicit rule search has not been done.
#  Modification time never checked.
#  File has not been updated.

# Not a target:
bit_ops.h:
#  Implicit rule search has not been done.
#  Modification time never checked.
#  File has not been updated.

# Not a target:
.SUFFIXES:
#  Implicit rule search has not been done.
#  Modification time never checked.
#  File has not been updated.

# Not a target:
vector_test:
#  Implicit rule search has been done.
#  File does not exist.
#  File has not been updated.
# variable set hash-table stats:
# Load=0/32=0%, Rehash=0, Collisions=0/0=0%

# Not a target:
Makefile:
#  Implicit rule search has been done.
#  Last modified 2022-05-21 17:22:04
#  File has been updated.
#  Successfully updated.
# variable set hash-table stats:
# Load=0/32=0%, Rehash=0, Collisions=0/0=0%

# Not a target:
test_bit_ops.o:
#  Implicit rule search has not been done.
#  Modification time never checked.
#  File has not been updated.

# Not a target:
test_lfsr.o:
#  Implicit rule search has not been done.
#  Modification time never checked.
#  File has not been updated.

lfsr.c: lfsr.h
#  Implicit rule search has not been done.
#  Modification time never checked.
#  File has not been updated.

.c.o:
#  Implicit rule search has not been done.
#  Modification time never checked.
#  File has not been updated.
#  commands to execute (from `Makefile', line 41):
	$(CC) -c $(CFLAGS) $<
	

# Not a target:
.DEFAULT:
#  Implicit rule search has not been done.
#  Modification time never checked.
#  File has not been updated.

# Not a target:
lfsr.h:
#  Implicit rule search has not been done.
#  Modification time never checked.
#  File has not been updated.

vector-memcheck: vector_test
#  Implicit rule search has not been done.
#  Modification time never checked.
#  File has not been updated.
#  commands to execute (from `Makefile', line 44):
 
	$(MEMCHECK) ./$(VECTOR_PROG)
	

test_bit_ops.c: bit_ops.h
#  Implicit rule search has not been done.
#  Modification time never checked.
#  File has not been updated.

test_lfsr.c: lfsr.h
#  Implicit rule search has not been done.
#  Modification time never checked.
#  File has not been updated.

clean:
#  Implicit rule search has not been done.
#  Modification time never checked.
#  File has not been updated.
#  commands to execute (from `Makefile', line 47):
	-rm -rf core *.o *~ "#"*"#" Makefile.bak $(BINARIES) *.dSYM
	

# Not a target:
bit_ops.o:
#  Implicit rule search has not been done.
#  Modification time never checked.
#  File has not been updated.

bit_ops: bit_ops.o test_bit_ops.o
#  Implicit rule search has not been done.
#  Modification time never checked.
#  File has not been updated.
#  commands to execute (from `Makefile', line 29):
	$(CC) $(CFLAGS) -g -o $(BIT_OPS_PROG) $(BIT_OPS_OBJS) $(LDFLAGS)
	

vector.c: vector.h
#  Implicit rule search has not been done.
#  Modification time never checked.
#  File has not been updated.

# files hash-table stats:
# Load=23/1024=2%, Rehash=0, Collisions=1/50=2%
# VPATH Search Paths

# No `vpath' search paths.

# No general (`VPATH' variable) search path.

# # of strings in strcache: 1
# # of strcache buffers: 1
# strcache size: total = 4096 / max = 4096 / min = 4096 / avg = 4096
# strcache free: total = 4087 / max = 4087 / min = 4087 / avg = 4087

# Finished Make data base on Wed Jun  8 21:44:26 2022

 
