commit 120d4e040d58229a8f4009dc2fe868c26f3ac7e1
Author: msnliu <zongjunliu@hsph.harvard.edu>
Date:   Sun May 22 08:02:56 2022 -0400

    Answered second set

commit e038070df635a42a1e8a0149ea378c0783b9a4c1
Author: msnliu <zongjunliu@hsph.harvard.edu>
Date:   Sun May 22 07:14:30 2022 -0400

    Answered first set

commit e89e2d9c3d2f52f186b58887cc4866f2a0f79b02
Merge: b57f362 620b55d
Author: msnliu <zongjunliu@hsph.harvard.edu>
Date:   Sat May 21 19:26:28 2022 -0400

    Merge branch 'master' of https://github.com/msnliu/CS61C

commit b57f362e150f76ce622bce57a6f70090be6831bb
Author: msnliu <zongjunliu@hsph.harvard.edu>
Date:   Sat May 21 18:50:56 2022 -0400

    starter code

commit 620b55ddefabb132edf9bb9d08ecd73dcdffd9db
Author: msnliu <89792654+msnliu@users.noreply.github.com>
Date:   Sat May 21 18:20:06 2022 -0400

    Initial commit
